<?xml version="1.0" encoding="UTF-8"?>
<!-- Generated by org.testng.reporters.JUnitReportReporter -->
<testsuite hostname="LAPTOP-2MKHJJ9O" name="com.flipkart.qa.testcases.PaymentPageTest" tests="3" failures="0" timestamp="29 Jun 2021 11:53:47 GMT" time="44.437" errors="0">
  <testcase name="AcceptTermsAndCondi" time="15.853" classname="com.flipkart.qa.testcases.PaymentPageTest"/>
  <testcase name="verifyTitle" time="12.766" classname="com.flipkart.qa.testcases.PaymentPageTest"/>
  <testcase name="confirmOrder" time="15.818" classname="com.flipkart.qa.testcases.PaymentPageTest"/>
</testsuite> <!-- com.flipkart.qa.testcases.PaymentPageTest -->
