<?xml version="1.0" encoding="UTF-8"?>
<!-- Generated by org.testng.reporters.JUnitReportReporter -->
<testsuite hostname="LAPTOP-2MKHJJ9O" name="com.flipkart.qa.testcases.HomePageTest" tests="3" failures="0" timestamp="29 Jun 2021 11:44:28 GMT" time="19.474" errors="0">
  <testcase name="verifyHomepageTitle" time="5.750" classname="com.flipkart.qa.testcases.HomePageTest"/>
  <testcase name="testMyname" time="7.443" classname="com.flipkart.qa.testcases.HomePageTest"/>
  <testcase name="searchItem" time="6.281" classname="com.flipkart.qa.testcases.HomePageTest"/>
</testsuite> <!-- com.flipkart.qa.testcases.HomePageTest -->
