<?xml version="1.0" encoding="UTF-8"?>
<!-- Generated by org.testng.reporters.JUnitReportReporter -->
<testsuite hostname="LAPTOP-2MKHJJ9O" name="com.flipkart.qa.testcases.HomePageTest" tests="3" failures="0" timestamp="26 Jun 2021 11:19:33 GMT" time="25.245" errors="0">
  <testcase name="searchItem" time="8.109" classname="com.flipkart.qa.testcases.HomePageTest"/>
  <testcase name="testMyname" time="9.884" classname="com.flipkart.qa.testcases.HomePageTest"/>
  <testcase name="verifyHomepageTitle" time="7.252" classname="com.flipkart.qa.testcases.HomePageTest"/>
</testsuite> <!-- com.flipkart.qa.testcases.HomePageTest -->
