<?xml version="1.0" encoding="UTF-8"?>
<!-- Generated by org.testng.reporters.JUnitReportReporter -->
<testsuite hostname="LAPTOP-2MKHJJ9O" name="com.flipkart.qa.testcases.itemPagetest" tests="3" failures="0" timestamp="29 Jun 2021 11:44:28 GMT" time="26.294" errors="0">
  <testcase name="selectIphone" time="7.487" classname="com.flipkart.qa.testcases.itemPagetest"/>
  <testcase name="BuyNow" time="11.728" classname="com.flipkart.qa.testcases.itemPagetest"/>
  <testcase name="itemPageTitleCheck" time="7.079" classname="com.flipkart.qa.testcases.itemPagetest"/>
</testsuite> <!-- com.flipkart.qa.testcases.itemPagetest -->
