<?xml version="1.0" encoding="UTF-8"?>
<!-- Generated by org.testng.reporters.JUnitReportReporter -->
<testsuite hostname="LAPTOP-2MKHJJ9O" name="com.flipkart.qa.testcases.HomePageTest" tests="3" failures="0" timestamp="25 Jun 2021 06:01:46 GMT" time="40.916" errors="0">
  <testcase name="testMyname" time="21.340" classname="com.flipkart.qa.testcases.HomePageTest"/>
  <testcase name="verifyHomepageTitle" time="8.055" classname="com.flipkart.qa.testcases.HomePageTest"/>
  <testcase name="searchItem" time="11.521" classname="com.flipkart.qa.testcases.HomePageTest"/>
</testsuite> <!-- com.flipkart.qa.testcases.HomePageTest -->
