<?xml version="1.0" encoding="UTF-8"?>
<!-- Generated by org.testng.reporters.JUnitReportReporter -->
<testsuite hostname="LAPTOP-2MKHJJ9O" name="com.flipkart.qa.testcases.FInalPaymentPageTest" tests="1" failures="0" timestamp="29 Jun 2021 11:30:54 GMT" time="19.570" errors="0">
  <testcase name="enterCardDetails" time="19.570" classname="com.flipkart.qa.testcases.FInalPaymentPageTest"/>
</testsuite> <!-- com.flipkart.qa.testcases.FInalPaymentPageTest -->
