<?xml version="1.0" encoding="UTF-8"?>
<!-- Generated by org.testng.reporters.JUnitReportReporter -->
<testsuite hostname="LAPTOP-2MKHJJ9O" name="com.flipkart.qa.testcases.HomePageTest" tests="3" failures="0" timestamp="29 Jun 2021 11:30:54 GMT" time="18.784" errors="0">
  <testcase name="searchItem" time="5.745" classname="com.flipkart.qa.testcases.HomePageTest"/>
  <testcase name="verifyHomepageTitle" time="5.297" classname="com.flipkart.qa.testcases.HomePageTest"/>
  <testcase name="testMyname" time="7.742" classname="com.flipkart.qa.testcases.HomePageTest"/>
</testsuite> <!-- com.flipkart.qa.testcases.HomePageTest -->
