<?xml version="1.0" encoding="UTF-8"?>
<!-- Generated by org.testng.reporters.JUnitReportReporter -->
<testsuite hostname="LAPTOP-2MKHJJ9O" name="com.flipkart.qa.testcases.PaymentPageTest" tests="3" failures="0" timestamp="29 Jun 2021 11:30:54 GMT" time="42.605" errors="0">
  <testcase name="confirmOrder" time="13.372" classname="com.flipkart.qa.testcases.PaymentPageTest"/>
  <testcase name="AcceptTermsAndCondi" time="16.842" classname="com.flipkart.qa.testcases.PaymentPageTest"/>
  <testcase name="verifyTitle" time="12.391" classname="com.flipkart.qa.testcases.PaymentPageTest"/>
</testsuite> <!-- com.flipkart.qa.testcases.PaymentPageTest -->
