<?xml version="1.0" encoding="UTF-8"?>
<!-- Generated by org.testng.reporters.JUnitReportReporter -->
<testsuite hostname="LAPTOP-2MKHJJ9O" name="com.flipkart.qa.testcases.LoginPageTest" tests="2" failures="0" timestamp="29 Jun 2021 11:30:54 GMT" time="11.254" errors="0">
  <testcase name="loginTest" time="6.024" classname="com.flipkart.qa.testcases.LoginPageTest"/>
  <testcase name="loginPageTitleTest" time="5.230" classname="com.flipkart.qa.testcases.LoginPageTest"/>
</testsuite> <!-- com.flipkart.qa.testcases.LoginPageTest -->
