<?xml version="1.0" encoding="UTF-8"?>
<!-- Generated by org.testng.reporters.JUnitReportReporter -->
<testsuite hostname="LAPTOP-2MKHJJ9O" name="com.flipkart.qa.testcases.LoginPageTest" tests="2" failures="0" timestamp="25 Jun 2021 06:01:46 GMT" time="19.142" errors="0">
  <testcase name="loginTest" time="9.422" classname="com.flipkart.qa.testcases.LoginPageTest"/>
  <testcase name="loginPageTitleTest" time="9.720" classname="com.flipkart.qa.testcases.LoginPageTest"/>
</testsuite> <!-- com.flipkart.qa.testcases.LoginPageTest -->
